This is pdfTeX, Version 3.14159265-2.6-1.40.19 (TeX Live 2018) (preloaded format=pdflatex 2018.4.16)  10 DEC 2018 02:25
entering extended mode
 restricted \write18 enabled.
 file:line:error style messages enabled.
 %&-line parsing enabled.
**COE-322-C++-final.tex
(./COE-322-C++-final.tex
LaTeX2e <2018-04-01> patch level 2
Babel <3.18> and hyphenation patterns for 84 language(s) loaded.
(/usr/local/texlive/2018/texmf-dist/tex/latex/koma-script/scrartcl.cls
Document Class: scrartcl 2018/03/30 v3.25 KOMA-Script document class (article)
(/usr/local/texlive/2018/texmf-dist/tex/latex/koma-script/scrkbase.sty
Package: scrkbase 2018/03/30 v3.25 KOMA-Script package (KOMA-Script-dependent b
asics and keyval usage)

(/usr/local/texlive/2018/texmf-dist/tex/latex/koma-script/scrbase.sty
Package: scrbase 2018/03/30 v3.25 KOMA-Script package (KOMA-Script-independent 
basics and keyval usage)

(/usr/local/texlive/2018/texmf-dist/tex/latex/graphics/keyval.sty
Package: keyval 2014/10/28 v1.15 key=value parser (DPC)
\KV@toks@=\toks14
)
(/usr/local/texlive/2018/texmf-dist/tex/latex/koma-script/scrlfile.sty
Package: scrlfile 2018/03/30 v3.25 KOMA-Script package (loading files)
)))
(/usr/local/texlive/2018/texmf-dist/tex/latex/koma-script/tocbasic.sty
Package: tocbasic 2018/03/30 v3.25 KOMA-Script package (handling toc-files)
\scr@dte@tocline@numberwidth=\skip41
\scr@dte@tocline@numbox=\box26
)
Package tocbasic Info: omitting babel extension for `toc'
(tocbasic)             because of feature `nobabel' available
(tocbasic)             for `toc' on input line 134.
Class scrartcl Info: File `scrsize11pt.clo' used to setup font sizes on input l
ine 2114.

(/usr/local/texlive/2018/texmf-dist/tex/latex/koma-script/scrsize11pt.clo
File: scrsize11pt.clo 2018/03/30 v3.25 KOMA-Script font size class option (11pt
)
)
(/usr/local/texlive/2018/texmf-dist/tex/latex/koma-script/typearea.sty
Package: typearea 2018/03/30 v3.25 KOMA-Script package (type area)
\ta@bcor=\skip42
\ta@div=\count80
\ta@hblk=\skip43
\ta@vblk=\skip44
\ta@temp=\skip45
\footheight=\skip46
Package typearea Info: These are the values describing the layout:
(typearea)             DIV  = 10
(typearea)             BCOR = 0.0pt
(typearea)             \paperwidth      = 597.50793pt
(typearea)              \textwidth      = 418.25555pt
(typearea)              DIV departure   = -6%
(typearea)              \evensidemargin = 17.3562pt
(typearea)              \oddsidemargin  = 17.3562pt
(typearea)             \paperheight     = 845.04694pt
(typearea)              \textheight     = 595.80026pt
(typearea)              \topmargin      = -25.16531pt
(typearea)              \headheight     = 17.0pt
(typearea)              \headsep        = 20.40001pt
(typearea)              \topskip        = 11.0pt
(typearea)              \footskip       = 47.6pt
(typearea)              \baselineskip   = 13.6pt
(typearea)              on input line 1706.
)
\c@part=\count81
\c@section=\count82
\c@subsection=\count83
\c@subsubsection=\count84
\c@paragraph=\count85
\c@subparagraph=\count86
\scr@dte@part@maxnumwidth=\skip47
\scr@dte@section@maxnumwidth=\skip48
\scr@dte@subsection@maxnumwidth=\skip49
\scr@dte@subsubsection@maxnumwidth=\skip50
\scr@dte@paragraph@maxnumwidth=\skip51
\scr@dte@subparagraph@maxnumwidth=\skip52
\abovecaptionskip=\skip53
\belowcaptionskip=\skip54
\c@pti@nb@sid@b@x=\box27
\scr@dte@figure@maxnumwidth=\skip55
Package tocbasic Info: omitting babel extension for `lof'
(tocbasic)             because of feature `nobabel' available
(tocbasic)             for `lof' on input line 5439.
\c@figure=\count87
\scr@dte@table@maxnumwidth=\skip56
Package tocbasic Info: omitting babel extension for `lot'
(tocbasic)             because of feature `nobabel' available
(tocbasic)             for `lot' on input line 5451.
\c@table=\count88
Class scrartcl Info: Redefining `\numberline' on input line 5615.
\bibindent=\dimen102
)
(/usr/local/texlive/2018/texmf-dist/tex/latex/graphics/graphicx.sty
Package: graphicx 2017/06/01 v1.1a Enhanced LaTeX Graphics (DPC,SPQR)

(/usr/local/texlive/2018/texmf-dist/tex/latex/graphics/graphics.sty
Package: graphics 2017/06/25 v1.2c Standard LaTeX Graphics (DPC,SPQR)

(/usr/local/texlive/2018/texmf-dist/tex/latex/graphics/trig.sty
Package: trig 2016/01/03 v1.10 sin cos tan (DPC)
)
(/usr/local/texlive/2018/texmf-dist/tex/latex/graphics-cfg/graphics.cfg
File: graphics.cfg 2016/06/04 v1.11 sample graphics configuration
)
Package graphics Info: Driver file: pdftex.def on input line 99.

(/usr/local/texlive/2018/texmf-dist/tex/latex/graphics-def/pdftex.def
File: pdftex.def 2018/01/08 v1.0l Graphics/color driver for pdftex
))
\Gin@req@height=\dimen103
\Gin@req@width=\dimen104
)
(/usr/local/texlive/2018/texmf-dist/tex/latex/caption/subcaption.sty
Package: subcaption 2016/05/22 v1.1-161 Sub-captions (AR)

(/usr/local/texlive/2018/texmf-dist/tex/latex/caption/caption.sty
Package: caption 2016/02/21 v3.3-144 Customizing captions (AR)

(/usr/local/texlive/2018/texmf-dist/tex/latex/caption/caption3.sty
Package: caption3 2016/05/22 v1.7-166 caption3 kernel (AR)
Package caption3 Info: TeX engine: e-TeX on input line 67.
\captionmargin=\dimen105
\captionmargin@=\dimen106
\captionwidth=\dimen107
\caption@tempdima=\dimen108
\caption@indent=\dimen109
\caption@parindent=\dimen110
\caption@hangindent=\dimen111
)
Package caption Info: KOMA-Script document class.
\c@ContinuedFloat=\count89
)
\c@subfigure=\count90
\c@subtable=\count91
)
(/usr/local/texlive/2018/texmf-dist/tex/latex/amsmath/amsmath.sty
Package: amsmath 2017/09/02 v2.17a AMS math features
\@mathmargin=\skip57

For additional information on amsmath, use the `?' option.
(/usr/local/texlive/2018/texmf-dist/tex/latex/amsmath/amstext.sty
Package: amstext 2000/06/29 v2.01 AMS text

(/usr/local/texlive/2018/texmf-dist/tex/latex/amsmath/amsgen.sty
File: amsgen.sty 1999/11/30 v2.0 generic functions
\@emptytoks=\toks15
\ex@=\dimen112
))
(/usr/local/texlive/2018/texmf-dist/tex/latex/amsmath/amsbsy.sty
Package: amsbsy 1999/11/29 v1.2d Bold Symbols
\pmbraise@=\dimen113
)
(/usr/local/texlive/2018/texmf-dist/tex/latex/amsmath/amsopn.sty
Package: amsopn 2016/03/08 v2.02 operator names
)
\inf@bad=\count92
LaTeX Info: Redefining \frac on input line 213.
\uproot@=\count93
\leftroot@=\count94
LaTeX Info: Redefining \overline on input line 375.
\classnum@=\count95
\DOTSCASE@=\count96
LaTeX Info: Redefining \ldots on input line 472.
LaTeX Info: Redefining \dots on input line 475.
LaTeX Info: Redefining \cdots on input line 596.
\Mathstrutbox@=\box28
\strutbox@=\box29
\big@size=\dimen114
LaTeX Font Info:    Redeclaring font encoding OML on input line 712.
LaTeX Font Info:    Redeclaring font encoding OMS on input line 713.
\macc@depth=\count97
\c@MaxMatrixCols=\count98
\dotsspace@=\muskip10
\c@parentequation=\count99
\dspbrk@lvl=\count100
\tag@help=\toks16
\row@=\count101
\column@=\count102
\maxfields@=\count103
\andhelp@=\toks17
\eqnshift@=\dimen115
\alignsep@=\dimen116
\tagshift@=\dimen117
\tagwidth@=\dimen118
\totwidth@=\dimen119
\lineht@=\dimen120
\@envbody=\toks18
\multlinegap=\skip58
\multlinetaggap=\skip59
\mathdisplay@stack=\toks19
LaTeX Info: Redefining \[ on input line 2817.
LaTeX Info: Redefining \] on input line 2818.
)
(/usr/local/texlive/2018/texmf-dist/tex/latex/amsfonts/amsfonts.sty
Package: amsfonts 2013/01/14 v3.01 Basic AMSFonts support
\symAMSa=\mathgroup4
\symAMSb=\mathgroup5
LaTeX Font Info:    Overwriting math alphabet `\mathfrak' in version `bold'
(Font)                  U/euf/m/n --> U/euf/b/n on input line 106.
)
(/usr/local/texlive/2018/texmf-dist/tex/latex/amscls/amsthm.sty
Package: amsthm 2017/10/31 v2.20.4
\thm@style=\toks20
\thm@bodyfont=\toks21
\thm@headfont=\toks22
\thm@notefont=\toks23
\thm@headpunct=\toks24
\thm@preskip=\skip60
\thm@postskip=\skip61
\thm@headsep=\skip62
\dth@everypar=\toks25
)
(/usr/local/texlive/2018/texmf-dist/tex/latex/amsfonts/amssymb.sty
Package: amssymb 2013/01/14 v3.01 AMS font symbols
)
(/usr/local/texlive/2018/texmf-dist/tex/latex/listings/listings.sty
\lst@mode=\count104
\lst@gtempboxa=\box30
\lst@token=\toks26
\lst@length=\count105
\lst@currlwidth=\dimen121
\lst@column=\count106
\lst@pos=\count107
\lst@lostspace=\dimen122
\lst@width=\dimen123
\lst@newlines=\count108
\lst@lineno=\count109
\lst@maxwidth=\dimen124

(/usr/local/texlive/2018/texmf-dist/tex/latex/listings/lstmisc.sty
File: lstmisc.sty 2015/06/04 1.6 (Carsten Heinz)
\c@lstnumber=\count110
\lst@skipnumbers=\count111
\lst@framebox=\box31
)
(/usr/local/texlive/2018/texmf-dist/tex/latex/listings/listings.cfg
File: listings.cfg 2015/06/04 1.6 listings configuration
))
Package: listings 2015/06/04 1.6 (Carsten Heinz)

(/usr/local/texlive/2018/texmf-dist/tex/latex/graphics/color.sty
Package: color 2016/07/10 v1.1e Standard LaTeX Color (DPC)

(/usr/local/texlive/2018/texmf-dist/tex/latex/graphics-cfg/color.cfg
File: color.cfg 2016/01/02 v1.6 sample color configuration
)
Package color Info: Driver file: pdftex.def on input line 147.
)
(/usr/local/texlive/2018/texmf-dist/tex/latex/base/inputenc.sty
Package: inputenc 2018/04/06 v1.3b Input encoding file
\inpenc@prehook=\toks27
\inpenc@posthook=\toks28
)
(/usr/local/texlive/2018/texmf-dist/tex/latex/preprint/authblk.sty
Package: authblk 2001/02/27 1.3 (PWD)
\affilsep=\skip63
\@affilsep=\skip64
\c@Maxaffil=\count112
\c@authors=\count113
\c@affil=\count114
)

Class scrartcl Warning: Usage of package `tocbibind' together
(scrartcl)              with a KOMA-Script class is not recommended.
(scrartcl)              I'd suggest to use options like `listof=totoc'
(scrartcl)              or `bibliography=totoc', or commands like
(scrartcl)              `\setuptoc{toc}{totoc}' instead of this package,
(scrartcl)              because it breaks several KOMA-Script features of
(scrartcl)              the list of figures, list of tables, bibliography,
(scrartcl)              index and the running head.
(scrartcl)              Nevertheless, using requested
(scrartcl)              package `tocbibind' on input line 11.

(/usr/local/texlive/2018/texmf-dist/tex/latex/tocbibind/tocbibind.sty
Package: tocbibind 2010/10/13 v1.5k extra ToC listings
Package tocbibind Info: The document has section divisions on input line 50.


Package tocbibind Note: Using section or other style headings.

) (/usr/local/texlive/2018/texmf-dist/tex/latex/siunitx/siunitx.sty
(/usr/local/texlive/2018/texmf-dist/tex/latex/l3kernel/expl3.sty
Package: expl3 2018/03/05 L3 programming layer (loader) 

(/usr/local/texlive/2018/texmf-dist/tex/latex/l3kernel/expl3-code.tex
Package: expl3 2018/03/05 L3 programming layer (code)
\c_max_int=\count115
\l_tmpa_int=\count116
\l_tmpb_int=\count117
\g_tmpa_int=\count118
\g_tmpb_int=\count119
\g__intarray_font_int=\count120
\g__prg_map_int=\count121
\c_log_iow=\count122
\l_iow_line_count_int=\count123
\l__iow_line_target_int=\count124
\l__iow_one_indent_int=\count125
\l__iow_indent_int=\count126
\c_zero_dim=\dimen125
\c_max_dim=\dimen126
\l_tmpa_dim=\dimen127
\l_tmpb_dim=\dimen128
\g_tmpa_dim=\dimen129
\g_tmpb_dim=\dimen130
\c_zero_skip=\skip65
\c_max_skip=\skip66
\l_tmpa_skip=\skip67
\l_tmpb_skip=\skip68
\g_tmpa_skip=\skip69
\g_tmpb_skip=\skip70
\c_zero_muskip=\muskip11
\c_max_muskip=\muskip12
\l_tmpa_muskip=\muskip13
\l_tmpb_muskip=\muskip14
\g_tmpa_muskip=\muskip15
\g_tmpb_muskip=\muskip16
\l_keys_choice_int=\count127
\c__fp_leading_shift_int=\count128
\c__fp_middle_shift_int=\count129
\c__fp_trailing_shift_int=\count130
\c__fp_big_leading_shift_int=\count131
\c__fp_big_middle_shift_int=\count132
\c__fp_big_trailing_shift_int=\count133
\c__fp_Bigg_leading_shift_int=\count134
\c__fp_Bigg_middle_shift_int=\count135
\c__fp_Bigg_trailing_shift_int=\count136
\c__fp_rand_size_int=\count137
\c__fp_rand_four_int=\count138
\c__fp_rand_eight_int=\count139
\l__sort_length_int=\count140
\l__sort_min_int=\count141
\l__sort_top_int=\count142
\l__sort_max_int=\count143
\l__sort_true_max_int=\count144
\l__sort_block_int=\count145
\l__sort_begin_int=\count146
\l__sort_end_int=\count147
\l__sort_A_int=\count148
\l__sort_B_int=\count149
\l__sort_C_int=\count150
\l__tl_build_start_index_int=\count151
\l__tl_build_index_int=\count152
\l__tl_analysis_normal_int=\count153
\l__tl_analysis_index_int=\count154
\l__tl_analysis_nesting_int=\count155
\l__tl_analysis_type_int=\count156
\l__regex_internal_a_int=\count157
\l__regex_internal_b_int=\count158
\l__regex_internal_c_int=\count159
\l__regex_balance_int=\count160
\l__regex_group_level_int=\count161
\l__regex_mode_int=\count162
\c__regex_cs_in_class_mode_int=\count163
\c__regex_cs_mode_int=\count164
\l__regex_catcodes_int=\count165
\l__regex_default_catcodes_int=\count166
\c__regex_catcode_D_int=\count167
\c__regex_catcode_S_int=\count168
\c__regex_catcode_L_int=\count169
\c__regex_catcode_O_int=\count170
\c__regex_catcode_A_int=\count171
\c__regex_all_catcodes_int=\count172
\l__regex_show_lines_int=\count173
\l__regex_min_state_int=\count174
\l__regex_max_state_int=\count175
\l__regex_left_state_int=\count176
\l__regex_right_state_int=\count177
\l__regex_capturing_group_int=\count178
\l__regex_min_pos_int=\count179
\l__regex_max_pos_int=\count180
\l__regex_curr_pos_int=\count181
\l__regex_start_pos_int=\count182
\l__regex_success_pos_int=\count183
\l__regex_curr_char_int=\count184
\l__regex_curr_catcode_int=\count185
\l__regex_last_char_int=\count186
\l__regex_case_changed_char_int=\count187
\l__regex_curr_state_int=\count188
\l__regex_step_int=\count189
\l__regex_min_active_int=\count190
\l__regex_max_active_int=\count191
\l__regex_replacement_csnames_int=\count192
\l__regex_match_count_int=\count193
\l__regex_min_submatch_int=\count194
\l__regex_submatch_int=\count195
\l__regex_zeroth_submatch_int=\count196
\g__regex_trace_regex_int=\count197
\c_empty_box=\box32
\l_tmpa_box=\box33
\l_tmpb_box=\box34
\g_tmpa_box=\box35
\g_tmpb_box=\box36
\l__box_top_dim=\dimen131
\l__box_bottom_dim=\dimen132
\l__box_left_dim=\dimen133
\l__box_right_dim=\dimen134
\l__box_top_new_dim=\dimen135
\l__box_bottom_new_dim=\dimen136
\l__box_left_new_dim=\dimen137
\l__box_right_new_dim=\dimen138
\l__box_internal_box=\box37
\l__coffin_internal_box=\box38
\l__coffin_internal_dim=\dimen139
\l__coffin_offset_x_dim=\dimen140
\l__coffin_offset_y_dim=\dimen141
\l__coffin_x_dim=\dimen142
\l__coffin_y_dim=\dimen143
\l__coffin_x_prime_dim=\dimen144
\l__coffin_y_prime_dim=\dimen145
\c_empty_coffin=\box39
\l__coffin_aligned_coffin=\box40
\l__coffin_aligned_internal_coffin=\box41
\l_tmpa_coffin=\box42
\l_tmpb_coffin=\box43
\l__coffin_display_coffin=\box44
\l__coffin_display_coord_coffin=\box45
\l__coffin_display_pole_coffin=\box46
\l__coffin_display_offset_dim=\dimen146
\l__coffin_display_x_dim=\dimen147
\l__coffin_display_y_dim=\dimen148
\l__coffin_bounding_shift_dim=\dimen149
\l__coffin_left_corner_dim=\dimen150
\l__coffin_right_corner_dim=\dimen151
\l__coffin_bottom_corner_dim=\dimen152
\l__coffin_top_corner_dim=\dimen153
\l__coffin_scaled_total_height_dim=\dimen154
\l__coffin_scaled_width_dim=\dimen155
)
(/usr/local/texlive/2018/texmf-dist/tex/latex/l3kernel/l3pdfmode.def
File: l3pdfmode.def 2017/03/18 v L3 Experimental driver: PDF mode
\l__driver_color_stack_int=\count198
))
(/usr/local/texlive/2018/texmf-dist/tex/latex/l3packages/xparse/xparse.sty
Package: xparse 2018/02/21 L3 Experimental document command parser
\l__xparse_current_arg_int=\count199
\g__xparse_grabber_int=\count266
\l__xparse_m_args_int=\count267
\l__xparse_mandatory_args_int=\count268
\l__xparse_v_nesting_int=\count269
)
Package: siunitx 2018-03-20 v2.7m A comprehensive (SI) units package

(/usr/local/texlive/2018/texmf-dist/tex/latex/tools/array.sty
Package: array 2018/04/07 v2.4g Tabular extension package (FMi)
\col@sep=\dimen156
\ar@mcellbox=\box47
\extrarowheight=\dimen157
\NC@list=\toks29
\extratabsurround=\skip71
\backup@length=\skip72
\ar@cellbox=\box48
)
(/usr/local/texlive/2018/texmf-dist/tex/latex/l3packages/l3keys2e/l3keys2e.sty
Package: l3keys2e 2018/02/21 LaTeX2e option processing using LaTeX3 keys
)
\l__siunitx_tmp_box=\box49
\l__siunitx_tmp_dim=\dimen158
\l__siunitx_tmp_int=\count270
\l__siunitx_number_mantissa_length_int=\count271
\l__siunitx_number_uncert_length_int=\count272
\l__siunitx_round_int=\count273
\l__siunitx_process_decimal_int=\count274
\l__siunitx_process_uncertainty_int=\count275
\l__siunitx_process_fixed_int=\count276
\l__siunitx_process_integer_min_int=\count277
\l__siunitx_process_precision_int=\count278
\l__siunitx_group_min_int=\count279
\l__siunitx_angle_marker_box=\box50
\l__siunitx_angle_unit_box=\box51
\l__siunitx_angle_marker_dim=\dimen159
\l__siunitx_angle_unit_dim=\dimen160
\l__siunitx_unit_int=\count280
\l__siunitx_unit_denominator_int=\count281
\l__siunitx_unit_numerator_int=\count282
\l__siunitx_unit_prefix_int=\count283
\l__siunitx_unit_prefix_base_int=\count284
\l__siunitx_unit_prefix_gram_int=\count285
\l__siunitx_number_product_int=\count286
\c__siunitx_one_fill_skip=\skip73
\l__siunitx_table_unit_align_skip=\skip74
\l__siunitx_table_exponent_dim=\dimen161
\l__siunitx_table_integer_dim=\dimen162
\l__siunitx_table_mantissa_dim=\dimen163
\l__siunitx_table_marker_dim=\dimen164
\l__siunitx_table_result_dim=\dimen165
\l__siunitx_table_uncert_dim=\dimen166
\l__siunitx_table_fill_pre_dim=\dimen167
\l__siunitx_table_fill_post_dim=\dimen168
\l__siunitx_table_fill_mid_dim=\dimen169
\l__siunitx_table_pre_box=\box52
\l__siunitx_table_post_box=\box53
\l__siunitx_table_mantissa_box=\box54
\l__siunitx_table_result_box=\box55
\l__siunitx_table_number_align_skip=\skip75
\l__siunitx_table_text_align_skip=\skip76
.................................................
. LaTeX info: "xparse/define-command"
. 
. Defining command \DeclareBinaryPrefix with sig. 'mmm' on line 7244.
.................................................
.................................................
. LaTeX info: "xparse/define-command"
. 
. Defining command \DeclareSIPostPower with sig. 'mm' on line 7247.
.................................................
.................................................
. LaTeX info: "xparse/define-command"
. 
. Defining command \DeclareSIPrefix with sig. 'mmm' on line 7250.
.................................................
.................................................
. LaTeX info: "xparse/define-command"
. 
. Defining command \DeclareSIPrePower with sig. 'mm' on line 7253.
.................................................
.................................................
. LaTeX info: "xparse/define-command"
. 
. Defining command \DeclareSIQualifier with sig. 'mm' on line 7256.
.................................................
.................................................
. LaTeX info: "xparse/define-command"
. 
. Defining command \DeclareSIUnit with sig. 'O{}mm' on line 7259.
.................................................
.................................................
. LaTeX info: "xparse/define-command"
. 
. Defining command \DeclareSIUnitWithOptions with sig. 'mmm' on line 7262.
.................................................
.................................................
. LaTeX info: "xparse/define-command"
. 
. Defining command \ang with sig. 'o>{\SplitArgument {2}{;}}m' on line 7277.
.................................................
.................................................
. LaTeX info: "xparse/define-command"
. 
. Defining command \num with sig. 'om' on line 7286.
.................................................
.................................................
. LaTeX info: "xparse/define-command"
. 
. Defining command \numlist with sig. 'o>{\SplitList {;}}m' on line 7295.
.................................................
.................................................
. LaTeX info: "xparse/define-command"
. 
. Defining command \numrange with sig. 'omm' on line 7304.
.................................................
.................................................
. LaTeX info: "xparse/define-command"
. 
. Defining command \SIlist with sig. 'o>{\SplitList {;}}mm' on line 7316.
.................................................
.................................................
. LaTeX info: "xparse/define-command"
. 
. Defining command \SIrange with sig. 'ommm' on line 7328.
.................................................
.................................................
. LaTeX info: "xparse/define-command"
. 
. Defining command \SI with sig. 'omom' on line 7340.
.................................................
.................................................
. LaTeX info: "xparse/define-command"
. 
. Defining command \sisetup with sig. 'm' on line 7343.
.................................................
.................................................
. LaTeX info: "xparse/define-command"
. 
. Defining command \tablenum with sig. 'om' on line 7358.
.................................................
.................................................
. LaTeX info: "xparse/define-command"
. 
. Defining command \si with sig. 'om' on line 7370.
.................................................
.................................................
. LaTeX info: "xparse/define-command"
. 
. Defining command \numInBookmark with sig. 'om' on line 7417.
.................................................
.................................................
. LaTeX info: "xparse/define-command"
. 
. Defining command \numrangeInBookmark with sig. 'omm' on line 7419.
.................................................
.................................................
. LaTeX info: "xparse/define-command"
. 
. Defining command \SIInBookmark with sig. 'omom' on line 7421.
.................................................
.................................................
. LaTeX info: "xparse/define-command"
. 
. Defining command \SIlistInBookmark with sig. 'omm' on line 7423.
.................................................
.................................................
. LaTeX info: "xparse/define-command"
. 
. Defining command \SIrangeInBookmark with sig. 'ommm' on line 7425.
.................................................
.................................................
. LaTeX info: "xparse/define-command"
. 
. Defining command \siInBookmark with sig. 'om' on line 7426.
.................................................
\g__file_internal_ior=\read1
(/usr/local/texlive/2018/texmf-dist/tex/latex/translator/translator.sty
Package: translator 2018/01/04 v1.12 Easy translation of strings in LaTeX
))
(/usr/local/texlive/2018/texmf-dist/tex/latex/setspace/setspace.sty
Package: setspace 2011/12/19 v6.7a set line spacing
)
(/usr/local/texlive/2018/texmf-dist/tex/latex/adjustbox/adjustbox.sty
Package: adjustbox 2018/04/08 v1.1 Adjusting TeX boxes (trim, clip, ...)

(/usr/local/texlive/2018/texmf-dist/tex/latex/xkeyval/xkeyval.sty
Package: xkeyval 2014/12/03 v2.7a package option processing (HA)

(/usr/local/texlive/2018/texmf-dist/tex/generic/xkeyval/xkeyval.tex
(/usr/local/texlive/2018/texmf-dist/tex/generic/xkeyval/xkvutils.tex
\XKV@toks=\toks30
\XKV@tempa@toks=\toks31
)
\XKV@depth=\count287
File: xkeyval.tex 2014/12/03 v2.7a key=value parser (HA)
))
(/usr/local/texlive/2018/texmf-dist/tex/latex/adjustbox/adjcalc.sty
Package: adjcalc 2012/05/16 v1.1 Provides advanced setlength with multiple back
-ends (calc, etex, pgfmath)
)
(/usr/local/texlive/2018/texmf-dist/tex/latex/adjustbox/trimclip.sty
Package: trimclip 2018/04/08 v1.1 Trim and clip general TeX material

(/usr/local/texlive/2018/texmf-dist/tex/latex/collectbox/collectbox.sty
Package: collectbox 2012/05/17 v0.4b Collect macro arguments as boxes
\collectedbox=\box56
)
\tc@llx=\dimen170
\tc@lly=\dimen171
\tc@urx=\dimen172
\tc@ury=\dimen173
Package trimclip Info: Using driver 'tc-pdftex.def'.

(/usr/local/texlive/2018/texmf-dist/tex/latex/adjustbox/tc-pdftex.def
File: tc-pdftex.def 2018/04/08 v2.1 Clipping driver for pdftex
))
\adjbox@Width=\dimen174
\adjbox@Height=\dimen175
\adjbox@Depth=\dimen176
\adjbox@Totalheight=\dimen177
\adjbox@pwidth=\dimen178
\adjbox@pheight=\dimen179
\adjbox@pdepth=\dimen180
\adjbox@ptotalheight=\dimen181

(/usr/local/texlive/2018/texmf-dist/tex/latex/ifoddpage/ifoddpage.sty
Package: ifoddpage 2016/04/23 v1.1 Conditionals for odd/even page detection
\c@checkoddpage=\count288
)
(/usr/local/texlive/2018/texmf-dist/tex/latex/varwidth/varwidth.sty
Package: varwidth 2009/03/30 ver 0.92;  Variable-width minipages
\@vwid@box=\box57
\sift@deathcycles=\count289
\@vwid@loff=\dimen182
\@vwid@roff=\dimen183
))
(/usr/local/texlive/2018/texmf-dist/tex/latex/booktabs/booktabs.sty
Package: booktabs 2016/04/27 v1.618033 publication quality tables
\heavyrulewidth=\dimen184
\lightrulewidth=\dimen185
\cmidrulewidth=\dimen186
\belowrulesep=\dimen187
\belowbottomsep=\dimen188
\aboverulesep=\dimen189
\abovetopsep=\dimen190
\cmidrulesep=\dimen191
\cmidrulekern=\dimen192
\defaultaddspace=\dimen193
\@cmidla=\count290
\@cmidlb=\count291
\@aboverulesep=\dimen194
\@belowrulesep=\dimen195
\@thisruleclass=\count292
\@lastruleclass=\count293
\@thisrulewidth=\dimen196
)
(/usr/local/texlive/2018/texmf-dist/tex/latex/hyperref/hyperref.sty
Package: hyperref 2018/02/06 v6.86b Hypertext links for LaTeX

(/usr/local/texlive/2018/texmf-dist/tex/generic/oberdiek/hobsub-hyperref.sty
Package: hobsub-hyperref 2016/05/16 v1.14 Bundle oberdiek, subset hyperref (HO)


(/usr/local/texlive/2018/texmf-dist/tex/generic/oberdiek/hobsub-generic.sty
Package: hobsub-generic 2016/05/16 v1.14 Bundle oberdiek, subset generic (HO)
Package: hobsub 2016/05/16 v1.14 Construct package bundles (HO)
Package: infwarerr 2016/05/16 v1.4 Providing info/warning/error messages (HO)
Package: ltxcmds 2016/05/16 v1.23 LaTeX kernel commands for general use (HO)
Package: ifluatex 2016/05/16 v1.4 Provides the ifluatex switch (HO)
Package ifluatex Info: LuaTeX not detected.
Package: ifvtex 2016/05/16 v1.6 Detect VTeX and its facilities (HO)
Package ifvtex Info: VTeX not detected.
Package: intcalc 2016/05/16 v1.2 Expandable calculations with integers (HO)
Package: ifpdf 2017/03/15 v3.2 Provides the ifpdf switch
Package: etexcmds 2016/05/16 v1.6 Avoid name clashes with e-TeX commands (HO)
Package etexcmds Info: Could not find \expanded.
(etexcmds)             That can mean that you are not using pdfTeX 1.50 or
(etexcmds)             that some package has redefined \expanded.
(etexcmds)             In the latter case, load this package earlier.
Package: kvsetkeys 2016/05/16 v1.17 Key value parser (HO)
Package: kvdefinekeys 2016/05/16 v1.4 Define keys (HO)
Package: pdftexcmds 2018/01/30 v0.27 Utility functions of pdfTeX for LuaTeX (HO
)
Package pdftexcmds Info: LuaTeX not detected.
Package pdftexcmds Info: \pdf@primitive is available.
Package pdftexcmds Info: \pdf@ifprimitive is available.
Package pdftexcmds Info: \pdfdraftmode found.
Package: pdfescape 2016/05/16 v1.14 Implements pdfTeX's escape features (HO)
Package: bigintcalc 2016/05/16 v1.4 Expandable calculations on big integers (HO
)
Package: bitset 2016/05/16 v1.2 Handle bit-vector datatype (HO)
Package: uniquecounter 2016/05/16 v1.3 Provide unlimited unique counter (HO)
)
Package hobsub Info: Skipping package `hobsub' (already loaded).
Package: letltxmacro 2016/05/16 v1.5 Let assignment for LaTeX macros (HO)
Package: hopatch 2016/05/16 v1.3 Wrapper for package hooks (HO)
Package: xcolor-patch 2016/05/16 xcolor patch
Package: atveryend 2016/05/16 v1.9 Hooks at the very end of document (HO)
Package atveryend Info: \enddocument detected (standard20110627).
Package: atbegshi 2016/06/09 v1.18 At begin shipout hook (HO)
Package: refcount 2016/05/16 v3.5 Data extraction from label references (HO)
Package: hycolor 2016/05/16 v1.8 Color options for hyperref/bookmark (HO)
)
(/usr/local/texlive/2018/texmf-dist/tex/generic/ifxetex/ifxetex.sty
Package: ifxetex 2010/09/12 v0.6 Provides ifxetex conditional
)
(/usr/local/texlive/2018/texmf-dist/tex/latex/oberdiek/auxhook.sty
Package: auxhook 2016/05/16 v1.4 Hooks for auxiliary files (HO)
)
(/usr/local/texlive/2018/texmf-dist/tex/latex/oberdiek/kvoptions.sty
Package: kvoptions 2016/05/16 v3.12 Key value format for package options (HO)
)
\@linkdim=\dimen197
\Hy@linkcounter=\count294
\Hy@pagecounter=\count295

(/usr/local/texlive/2018/texmf-dist/tex/latex/hyperref/pd1enc.def
File: pd1enc.def 2018/02/06 v6.86b Hyperref: PDFDocEncoding definition (HO)
Now handling font encoding PD1 ...
... no UTF-8 mapping file for font encoding PD1
)
\Hy@SavedSpaceFactor=\count296

(/usr/local/texlive/2018/texmf-dist/tex/latex/latexconfig/hyperref.cfg
File: hyperref.cfg 2002/06/06 v1.2 hyperref configuration of TeXLive
)
Package hyperref Info: Hyper figures OFF on input line 4509.
Package hyperref Info: Link nesting OFF on input line 4514.
Package hyperref Info: Hyper index ON on input line 4517.
Package hyperref Info: Plain pages OFF on input line 4524.
Package hyperref Info: Backreferencing OFF on input line 4529.
Package hyperref Info: Implicit mode ON; LaTeX internals redefined.
Package hyperref Info: Bookmarks ON on input line 4762.
\c@Hy@tempcnt=\count297

(/usr/local/texlive/2018/texmf-dist/tex/latex/url/url.sty
\Urlmuskip=\muskip17
Package: url 2013/09/16  ver 3.4  Verb mode for urls, etc.
)
LaTeX Info: Redefining \url on input line 5115.
\XeTeXLinkMargin=\dimen198
\Fld@menulength=\count298
\Field@Width=\dimen199
\Fld@charsize=\dimen256
Package hyperref Info: Hyper figures OFF on input line 6369.
Package hyperref Info: Link nesting OFF on input line 6374.
Package hyperref Info: Hyper index ON on input line 6377.
Package hyperref Info: backreferencing OFF on input line 6384.
Package hyperref Info: Link coloring OFF on input line 6389.
Package hyperref Info: Link coloring with OCG OFF on input line 6394.
Package hyperref Info: PDF/A mode OFF on input line 6399.
LaTeX Info: Redefining \ref on input line 6439.
LaTeX Info: Redefining \pageref on input line 6443.
\Hy@abspage=\count299
\c@Item=\count300
\c@Hfootnote=\count301
)
Package hyperref Info: Driver (autodetected): hpdftex.

(/usr/local/texlive/2018/texmf-dist/tex/latex/hyperref/hpdftex.def
File: hpdftex.def 2018/02/06 v6.86b Hyperref driver for pdfTeX
\Fld@listcount=\count302
\c@bookmark@seq@number=\count303

(/usr/local/texlive/2018/texmf-dist/tex/latex/oberdiek/rerunfilecheck.sty
Package: rerunfilecheck 2016/05/16 v1.8 Rerun checks for auxiliary files (HO)
Package uniquecounter Info: New unique counter `rerunfilecheck' on input line 2
82.
)
\Hy@SectionHShift=\skip77
)
(/usr/local/texlive/2018/texmf-dist/tex/latex/geometry/geometry.sty
Package: geometry 2018/03/24 v5.7 Page Geometry
\Gm@cnth=\count304
\Gm@cntv=\count305
\c@Gm@tempcnt=\count306
\Gm@bindingoffset=\dimen257
\Gm@wd@mp=\dimen258
\Gm@odd@mp=\dimen259
\Gm@even@mp=\dimen260
\Gm@layoutwidth=\dimen261
\Gm@layoutheight=\dimen262
\Gm@layouthoffset=\dimen263
\Gm@layoutvoffset=\dimen264
\Gm@dimlist=\toks32
)
(/usr/local/texlive/2018/texmf-dist/tex/generic/babel/babel.sty
Package: babel 2018/02/14 3.18 The Babel package

(/usr/local/texlive/2018/texmf-dist/tex/generic/babel/switch.def
File: switch.def 2018/02/14 3.18 Babel switching mechanism
)
(/usr/local/texlive/2018/texmf-dist/tex/generic/babel-english/english.ldf
Language: english 2017/06/06 v3.3r English support from the babel system

(/usr/local/texlive/2018/texmf-dist/tex/generic/babel/babel.def
File: babel.def 2018/02/14 3.18 Babel common definitions
\babel@savecnt=\count307
\U@D=\dimen265

(/usr/local/texlive/2018/texmf-dist/tex/generic/babel/txtbabel.def)
\bbl@dirlevel=\count308
)
\l@canadian = a dialect from \language\l@american 
\l@australian = a dialect from \language\l@british 
\l@newzealand = a dialect from \language\l@british 
))
(/usr/local/texlive/2018/texmf-dist/tex/latex/microtype/microtype.sty
Package: microtype 2018/01/14 v2.7a Micro-typographical refinements (RS)
\MT@toks=\toks33
\MT@count=\count309
LaTeX Info: Redefining \textls on input line 793.
\MT@outer@kern=\dimen266
LaTeX Info: Redefining \textmicrotypecontext on input line 1339.
\MT@listname@count=\count310

(/usr/local/texlive/2018/texmf-dist/tex/latex/microtype/microtype-pdftex.def
File: microtype-pdftex.def 2018/01/14 v2.7a Definitions specific to pdftex (RS)

LaTeX Info: Redefining \lsstyle on input line 913.
LaTeX Info: Redefining \lslig on input line 913.
\MT@outer@space=\skip78
)
Package microtype Info: Loading configuration file microtype.cfg.

(/usr/local/texlive/2018/texmf-dist/tex/latex/microtype/microtype.cfg
File: microtype.cfg 2018/01/14 v2.7a microtype main configuration file (RS)
))
(/usr/local/texlive/2018/texmf-dist/tex/latex/listings/lstlang1.sty
File: lstlang1.sty 2015/06/04 1.6 listings language file
)
(/usr/local/texlive/2018/texmf-dist/tex/latex/listings/lstlang1.sty
File: lstlang1.sty 2015/06/04 1.6 listings language file
)
(/usr/local/texlive/2018/texmf-dist/tex/latex/listings/lstmisc.sty
File: lstmisc.sty 2015/06/04 1.6 (Carsten Heinz)
)
(./COE-322-C++-final.aux)
\openout1 = `COE-322-C++-final.aux'.

LaTeX Font Info:    Checking defaults for OML/cmm/m/it on input line 84.
LaTeX Font Info:    ... okay on input line 84.
LaTeX Font Info:    Checking defaults for T1/cmr/m/n on input line 84.
LaTeX Font Info:    ... okay on input line 84.
LaTeX Font Info:    Checking defaults for OT1/cmr/m/n on input line 84.
LaTeX Font Info:    ... okay on input line 84.
LaTeX Font Info:    Checking defaults for OMS/cmsy/m/n on input line 84.
LaTeX Font Info:    ... okay on input line 84.
LaTeX Font Info:    Checking defaults for OMX/cmex/m/n on input line 84.
LaTeX Font Info:    ... okay on input line 84.
LaTeX Font Info:    Checking defaults for U/cmr/m/n on input line 84.
LaTeX Font Info:    ... okay on input line 84.
LaTeX Font Info:    Checking defaults for PD1/pdf/m/n on input line 84.
LaTeX Font Info:    ... okay on input line 84.
Package tocbasic Info: usage of `tocbibind' detected on input line 84.


Package tocbasic Warning: `tocbibind' redefinition of `\listoffigures'
(tocbasic)                detected.
(tocbasic)                Note: Loading `tocbibind' without option `notlof'
(tocbasic)                can break several features of `tocbasic'.


Package tocbasic Warning: `tocbibind' redefinition of `\listoftables'
(tocbasic)                detected.
(tocbasic)                Note: Loading `tocbibind' without option `notlot'
(tocbasic)                can break several features of `tocbasic'.

(/usr/local/texlive/2018/texmf-dist/tex/context/base/mkii/supp-pdf.mkii
[Loading MPS to PDF converter (version 2006.09.02).]
\scratchcounter=\count311
\scratchdimen=\dimen267
\scratchbox=\box58
\nofMPsegments=\count312
\nofMParguments=\count313
\everyMPshowfont=\toks34
\MPscratchCnt=\count314
\MPscratchDim=\dimen268
\MPnumerator=\count315
\makeMPintoPDFobject=\count316
\everyMPtoPDFconversion=\toks35
) (/usr/local/texlive/2018/texmf-dist/tex/latex/oberdiek/epstopdf-base.sty
Package: epstopdf-base 2016/05/15 v2.6 Base part for package epstopdf

(/usr/local/texlive/2018/texmf-dist/tex/latex/oberdiek/grfext.sty
Package: grfext 2016/05/16 v1.2 Manage graphics extensions (HO)
)
Package epstopdf-base Info: Redefining graphics rule for `.eps' on input line 4
38.
Package grfext Info: Graphics extension search list:
(grfext)             [.pdf,.png,.jpg,.mps,.jpeg,.jbig2,.jb2,.PDF,.PNG,.JPG,.JPE
G,.JBIG2,.JB2,.eps]
(grfext)             \AppendGraphicsExtensions on input line 456.

(/usr/local/texlive/2018/texmf-dist/tex/latex/latexconfig/epstopdf-sys.cfg
File: epstopdf-sys.cfg 2010/07/13 v1.3 Configuration of (r)epstopdf for TeX Liv
e
))
Package caption Info: Begin \AtBeginDocument code.
Package caption Info: hyperref package is loaded.
Package caption Info: listings package is loaded.
Package caption Info: End \AtBeginDocument code.
\c@lstlisting=\count317
Now handling font encoding TS1 ...
... processing UTF-8 mapping file for font encoding TS1

(/usr/local/texlive/2018/texmf-dist/tex/latex/base/ts1enc.dfu
File: ts1enc.dfu 2018/04/05 v1.2c UTF-8 support for inputenc
   defining Unicode char U+00A2 (decimal 162)
   defining Unicode char U+00A3 (decimal 163)
   defining Unicode char U+00A4 (decimal 164)
   defining Unicode char U+00A5 (decimal 165)
   defining Unicode char U+00A6 (decimal 166)
   defining Unicode char U+00A7 (decimal 167)
   defining Unicode char U+00A8 (decimal 168)
   defining Unicode char U+00A9 (decimal 169)
   defining Unicode char U+00AA (decimal 170)
   defining Unicode char U+00AC (decimal 172)
   defining Unicode char U+00AE (decimal 174)
   defining Unicode char U+00AF (decimal 175)
   defining Unicode char U+00B0 (decimal 176)
   defining Unicode char U+00B1 (decimal 177)
   defining Unicode char U+00B2 (decimal 178)
   defining Unicode char U+00B3 (decimal 179)
   defining Unicode char U+00B4 (decimal 180)
   defining Unicode char U+00B5 (decimal 181)
   defining Unicode char U+00B6 (decimal 182)
   defining Unicode char U+00B7 (decimal 183)
   defining Unicode char U+00B9 (decimal 185)
   defining Unicode char U+00BA (decimal 186)
   defining Unicode char U+00BC (decimal 188)
   defining Unicode char U+00BD (decimal 189)
   defining Unicode char U+00BE (decimal 190)
   defining Unicode char U+00D7 (decimal 215)
   defining Unicode char U+00F7 (decimal 247)
   defining Unicode char U+0192 (decimal 402)
   defining Unicode char U+02C7 (decimal 711)
   defining Unicode char U+02D8 (decimal 728)
   defining Unicode char U+02DD (decimal 733)
   defining Unicode char U+0E3F (decimal 3647)
   defining Unicode char U+2016 (decimal 8214)
   defining Unicode char U+2020 (decimal 8224)
   defining Unicode char U+2021 (decimal 8225)
   defining Unicode char U+2022 (decimal 8226)
   defining Unicode char U+2030 (decimal 8240)
   defining Unicode char U+2031 (decimal 8241)
   defining Unicode char U+203B (decimal 8251)
   defining Unicode char U+203D (decimal 8253)
   defining Unicode char U+2044 (decimal 8260)
   defining Unicode char U+204E (decimal 8270)
   defining Unicode char U+2052 (decimal 8274)
   defining Unicode char U+20A1 (decimal 8353)
   defining Unicode char U+20A4 (decimal 8356)
   defining Unicode char U+20A6 (decimal 8358)
   defining Unicode char U+20A9 (decimal 8361)
   defining Unicode char U+20AB (decimal 8363)
   defining Unicode char U+20AC (decimal 8364)
   defining Unicode char U+20B1 (decimal 8369)
   defining Unicode char U+2103 (decimal 8451)
   defining Unicode char U+2116 (decimal 8470)
   defining Unicode char U+2117 (decimal 8471)
   defining Unicode char U+211E (decimal 8478)
   defining Unicode char U+2120 (decimal 8480)
   defining Unicode char U+2122 (decimal 8482)
   defining Unicode char U+2126 (decimal 8486)
   defining Unicode char U+2127 (decimal 8487)
   defining Unicode char U+212E (decimal 8494)
   defining Unicode char U+2190 (decimal 8592)
   defining Unicode char U+2191 (decimal 8593)
   defining Unicode char U+2192 (decimal 8594)
   defining Unicode char U+2193 (decimal 8595)
   defining Unicode char U+2329 (decimal 9001)
   defining Unicode char U+232A (decimal 9002)
   defining Unicode char U+2422 (decimal 9250)
   defining Unicode char U+25E6 (decimal 9702)
   defining Unicode char U+25EF (decimal 9711)
   defining Unicode char U+266A (decimal 9834)
   defining Unicode char U+FEFF (decimal 65279)
)
(/usr/local/texlive/2018/texmf-dist/tex/latex/translator/translator-basic-dicti
onary-English.dict
Dictionary: translator-basic-dictionary, Language: English 
)
(/usr/local/texlive/2018/texmf-dist/tex/latex/siunitx/siunitx-abbreviations.cfg
File: siunitx-abbreviations.cfg 2017/11/26 v2.7k siunitx: Abbreviated units
)
\AtBeginShipoutBox=\box59
Package hyperref Info: Link coloring OFF on input line 84.
 (/usr/local/texlive/2018/texmf-dist/tex/latex/hyperref/nameref.sty
Package: nameref 2016/05/21 v2.44 Cross-referencing by name of section

(/usr/local/texlive/2018/texmf-dist/tex/generic/oberdiek/gettitlestring.sty
Package: gettitlestring 2016/05/16 v1.5 Cleanup title references (HO)
)
\c@section@level=\count318
)
LaTeX Info: Redefining \ref on input line 84.
LaTeX Info: Redefining \pageref on input line 84.
LaTeX Info: Redefining \nameref on input line 84.

(./COE-322-C++-final.out) (./COE-322-C++-final.out)
\@outlinefile=\write3
\openout3 = `COE-322-C++-final.out'.


*geometry* detected driver: pdftex
*geometry* verbose mode - [ preamble ] result:
* driver: pdftex
* paper: a4paper
* layout: <same size as paper>
* layoutoffset:(h,v)=(0.0pt,0.0pt)
* modes: 
* h-part:(L,W,R)=(89.62709pt, 418.25368pt, 89.6271pt)
* v-part:(T,H,B)=(101.40665pt, 591.5302pt, 152.11pt)
* \paperwidth=597.50787pt
* \paperheight=845.04684pt
* \textwidth=418.25368pt
* \textheight=591.5302pt
* \oddsidemargin=14.22636pt
* \evensidemargin=14.22636pt
* \topmargin=-8.26335pt
* \headheight=17.0pt
* \headsep=20.40001pt
* \topskip=11.0pt
* \footskip=47.6pt
* \marginparwidth=59.7508pt
* \marginparsep=12.8401pt
* \columnsep=10.0pt
* \skip\footins=10.0pt plus 4.0pt minus 2.0pt
* \hoffset=0.0pt
* \voffset=0.0pt
* \mag=1000
* \@twocolumnfalse
* \@twosidefalse
* \@mparswitchfalse
* \@reversemarginfalse
* (1in=72.27pt=25.4mm, 1cm=28.453pt)

LaTeX Info: Redefining \microtypecontext on input line 84.
Package microtype Info: Generating PDF output.
Package microtype Info: Character protrusion enabled (level 2).
Package microtype Info: Using default protrusion set `alltext'.
Package microtype Info: Automatic font expansion enabled (level 2),
(microtype)             stretch: 20, shrink: 20, step: 1, non-selected.
Package microtype Info: Using default expansion set `basictext'.
Package microtype Info: No adjustment of tracking.
Package microtype Info: No adjustment of interword spacing.
Package microtype Info: No adjustment of character kerning.
(/usr/local/texlive/2018/texmf-dist/tex/latex/microtype/mt-cmr.cfg
File: mt-cmr.cfg 2013/05/19 v2.2 microtype config. file: Computer Modern Roman 
(RS)
)
LaTeX Font Info:    Try loading font information for U+msa on input line 84.

(/usr/local/texlive/2018/texmf-dist/tex/latex/amsfonts/umsa.fd
File: umsa.fd 2013/01/14 v3.01 AMS symbols A
)
(/usr/local/texlive/2018/texmf-dist/tex/latex/microtype/mt-msa.cfg
File: mt-msa.cfg 2006/02/04 v1.1 microtype config. file: AMS symbols (a) (RS)
)
LaTeX Font Info:    Try loading font information for U+msb on input line 84.

(/usr/local/texlive/2018/texmf-dist/tex/latex/amsfonts/umsb.fd
File: umsb.fd 2013/01/14 v3.01 AMS symbols B
)
(/usr/local/texlive/2018/texmf-dist/tex/latex/microtype/mt-msb.cfg
File: mt-msb.cfg 2005/06/01 v1.0 microtype config. file: AMS symbols (b) (RS)
)
Package microtype Info: Loading generic protrusion settings for font family
(microtype)             `cmss' (encoding: OT1).
(microtype)             For optimal results, create family-specific settings.
(microtype)             See the microtype manual for details.
Package microtype Info: Loading generic protrusion settings for font family
(microtype)             `cmtt' (encoding: OT1).
(microtype)             For optimal results, create family-specific settings.
(microtype)             See the microtype manual for details.
 [1

{/usr/local/texlive/2018/texmf-var/fonts/map/pdftex/updmap/pdftex.map}]
Package tocbasic Info: character protrusion at toc deactivated on input line 10
0.

(./COE-322-C++-final.toc)
\tf@toc=\write4
\openout4 = `COE-322-C++-final.toc'.

pdfTeX warning (ext4): destination with the same identifier (name{page.1}) has 
been already used, duplicate ignored
<to be read again> 
                   \relax 
l.101 \newpage
               [1]
Underfull \hbox (badness 10000) in paragraph at lines 105--106

 []


Underfull \hbox (badness 10000) in paragraph at lines 107--108

 []


Underfull \hbox (badness 10000) in paragraph at lines 119--120

 []

[2]
Overfull \hbox (8.71397pt too wide) in paragraph at lines 131--132
\OT1/cmr/m/n/10.95 (-20) Below is the main code for the first sec-tion of the e
x-per-i-ment, the \OT1/cmtt/m/n/10.95 Person.h \OT1/cmr/m/n/10.95 (-20) & \OT1/
cmtt/m/n/10.95 Population.h
 []


Underfull \hbox (badness 10000) in paragraph at lines 131--132

 []

[3]
<probvdays.png, id=173, 571.13374pt x 439.6425pt>
File: probvdays.png Graphic file (type png)
<use probvdays.png>
Package pdftex.def Info: probvdays.png  used on input line 219.
(pdftex.def)             Requested size: 418.25368pt x 321.96274pt.


LaTeX Warning: `h' float specifier changed to `ht'.

[4]
Underfull \hbox (badness 10000) in paragraph at lines 228--229

 []

[5 <./probvdays.png>]
Underfull \hbox (badness 10000) in paragraph at lines 236--237

 []


Underfull \hbox (badness 10000) in paragraph at lines 240--241

 []

[6]
Underfull \hbox (badness 10000) in paragraph at lines 262--263

 []

[7]
Underfull \hbox (badness 10000) in paragraph at lines 333--334

 []

<pic1.png, id=220, 639.38875pt x 482.80376pt>
File: pic1.png Graphic file (type png)
<use pic1.png>
Package pdftex.def Info: pic1.png  used on input line 339.
(pdftex.def)             Requested size: 198.67303pt x 150.02122pt.
<pic2.png, id=221, 591.20876pt x 475.7775pt>
File: pic2.png Graphic file (type png)
<use pic2.png>
Package pdftex.def Info: pic2.png  used on input line 347.
(pdftex.def)             Requested size: 198.67303pt x 159.88191pt.
<pic3.png, id=222, 578.16pt x 444.66125pt>
File: pic3.png Graphic file (type png)
<use pic3.png>
Package pdftex.def Info: pic3.png  used on input line 355.
(pdftex.def)             Requested size: 198.67303pt x 152.79764pt.
<pic4.png, id=223, 561.09625pt x 445.665pt>
File: pic4.png Graphic file (type png)
<use pic4.png>
Package pdftex.def Info: pic4.png  used on input line 363.
(pdftex.def)             Requested size: 198.67303pt x 157.80077pt.
<pic5.png, id=224, 579.16376pt x 447.6725pt>
File: pic5.png Graphic file (type png)
<use pic5.png>
Package pdftex.def Info: pic5.png  used on input line 370.
(pdftex.def)             Requested size: 198.67303pt x 153.56598pt.
<pic6.png, id=225, 587.19376pt x 458.71375pt>
File: pic6.png Graphic file (type png)
<use pic6.png>
Package pdftex.def Info: pic6.png  used on input line 377.
(pdftex.def)             Requested size: 198.67303pt x 155.19768pt.
[8] [9 <./pic1.png> <./pic2.png> <./pic3.png> <./pic4.png> <./pic5.png> <./pic6
.png>]
Underfull \hbox (badness 10000) in paragraph at lines 390--391

 []


Underfull \hbox (badness 10000) in paragraph at lines 392--393

 []


Underfull \hbox (badness 10000) in paragraph at lines 394--395

 []


Underfull \hbox (badness 10000) in paragraph at lines 396--397

 []


Underfull \hbox (badness 10000) in paragraph at lines 398--399

 []

[10]
Underfull \hbox (badness 10000) in paragraph at lines 400--401

 []


Underfull \hbox (badness 10000) in paragraph at lines 406--407

 []

<trendline.png, id=265, 615.29875pt x 462.72874pt>
File: trendline.png Graphic file (type png)
<use trendline.png>
Package pdftex.def Info: trendline.png  used on input line 426.
(pdftex.def)             Requested size: 418.25368pt x 314.54547pt.

Underfull \hbox (badness 10000) in paragraph at lines 431--432

 []

[11]
Underfull \hbox (badness 10000) in paragraph at lines 436--437

 []


Underfull \hbox (badness 10000) in paragraph at lines 438--439

 []

[12 <./trendline.png>] [13]
LaTeX Font Info:    Font shape `OT1/cmtt/bx/n' in size <12> not available
(Font)              Font shape `OT1/cmtt/m/n' tried instead on input line 444.
 [14] [15] [16] [17] [18] [19] [20]

./COE-322-C++-final.tex:765: LaTeX Error: \begin{thebibitemlist} on input line 
747 ended by \end{document}.

See the LaTeX manual or LaTeX Companion for explanation.
Type  H <return>  for immediate help.
 ...                                              
                                                  
l.765 \end{document}
                    
? s
OK, entering \scrollmode...
Package atveryend Info: Empty hook `BeforeClearDocument' on input line 765.
[21]
Package atveryend Info: Empty hook `AfterLastShipout' on input line 765.
 (./COE-322-C++-final.aux)
Package atveryend Info: Executing hook `AtVeryEndDocument' on input line 765.
Package atveryend Info: Executing hook `AtEndAfterFileList' on input line 765.
Package rerunfilecheck Info: File `COE-322-C++-final.out' has not changed.
(rerunfilecheck)             Checksum: 6FF9B13DF4B401718D733F148B82458F;1031.
Package atveryend Info: Empty hook `AtVeryVeryEnd' on input line 765.
 )
(\end occurred inside a group at level 2)

### semi simple group (level 2) entered at line 747 (\begingroup)
### semi simple group (level 1) entered at line 747 (\begingroup)
### bottom level 
Here is how much of TeX's memory you used:
 26030 strings out of 492649
 482192 string characters out of 6129622
 724801 words of memory out of 5000000
 29160 multiletter control sequences out of 15000+600000
 545455 words of font info for 116 fonts, out of 8000000 for 9000
 1141 hyphenation exceptions out of 8191
 48i,8n,97p,10389b,2272s stack positions out of 5000i,500n,10000p,200000b,80000s
</usr/local/texlive/2018/texmf-dist/fonts/type1/public/amsfonts
/cm/cmbx10.pfb></usr/local/texlive/2018/texmf-dist/fonts/type1/public/amsfonts/
cm/cmbx12.pfb></usr/local/texlive/2018/texmf-dist/fonts/type1/public/amsfonts/c
m/cmbx9.pfb></usr/local/texlive/2018/texmf-dist/fonts/type1/public/amsfonts/cm/
cmcsc10.pfb></usr/local/texlive/2018/texmf-dist/fonts/type1/public/amsfonts/cm/
cmmi10.pfb></usr/local/texlive/2018/texmf-dist/fonts/type1/public/amsfonts/cm/c
mr10.pfb></usr/local/texlive/2018/texmf-dist/fonts/type1/public/amsfonts/cm/cmr
12.pfb></usr/local/texlive/2018/texmf-dist/fonts/type1/public/amsfonts/cm/cmr9.
pfb></usr/local/texlive/2018/texmf-dist/fonts/type1/public/amsfonts/cm/cmssbx10
.pfb></usr/local/texlive/2018/texmf-dist/fonts/type1/public/amsfonts/cm/cmsy10.
pfb></usr/local/texlive/2018/texmf-dist/fonts/type1/public/amsfonts/cm/cmti10.p
fb></usr/local/texlive/2018/texmf-dist/fonts/type1/public/amsfonts/cm/cmtt10.pf
b></usr/local/texlive/2018/texmf-dist/fonts/type1/public/amsfonts/cm/cmtt12.pfb
>
Output written on COE-322-C++-final.pdf (22 pages, 464436 bytes).
PDF statistics:
 736 PDF objects out of 1000 (max. 8388607)
 676 compressed objects within 7 object streams
 400 named destinations out of 1000 (max. 500000)
 26817 words of extra memory for PDF output out of 29859 (max. 10000000)

